<?xml version="1.0" encoding="UTF-8"?>
<testsuite xmlns:xsi="http://www.w3.org/2001/XMLSchema-instance" xsi:noNamespaceSchemaLocation="https://maven.apache.org/surefire/maven-surefire-plugin/xsd/surefire-test-report.xsd" name="TestSuite" time="0.384" tests="3" errors="0" skipped="1" failures="1">
  <properties>
    <property name="java.specification.version" value="15"/>
    <property name="sun.jnu.encoding" value="UTF-8"/>
    <property name="java.class.path" value="/Users/arunakirannulu/eclipse-workspace/MySeliniumSessionsClasses/target/test-classes:/Users/arunakirannulu/eclipse-workspace/MySeliniumSessionsClasses/target/classes:/Users/arunakirannulu/.m2/repository/org/seleniumhq/selenium/selenium-java/3.141.59/selenium-java-3.141.59.jar:/Users/arunakirannulu/.m2/repository/org/seleniumhq/selenium/selenium-api/3.141.59/selenium-api-3.141.59.jar:/Users/arunakirannulu/.m2/repository/org/seleniumhq/selenium/selenium-chrome-driver/3.141.59/selenium-chrome-driver-3.141.59.jar:/Users/arunakirannulu/.m2/repository/org/seleniumhq/selenium/selenium-edge-driver/3.141.59/selenium-edge-driver-3.141.59.jar:/Users/arunakirannulu/.m2/repository/org/seleniumhq/selenium/selenium-firefox-driver/3.141.59/selenium-firefox-driver-3.141.59.jar:/Users/arunakirannulu/.m2/repository/org/seleniumhq/selenium/selenium-ie-driver/3.141.59/selenium-ie-driver-3.141.59.jar:/Users/arunakirannulu/.m2/repository/org/seleniumhq/selenium/selenium-opera-driver/3.141.59/selenium-opera-driver-3.141.59.jar:/Users/arunakirannulu/.m2/repository/org/seleniumhq/selenium/selenium-remote-driver/3.141.59/selenium-remote-driver-3.141.59.jar:/Users/arunakirannulu/.m2/repository/org/seleniumhq/selenium/selenium-safari-driver/3.141.59/selenium-safari-driver-3.141.59.jar:/Users/arunakirannulu/.m2/repository/org/seleniumhq/selenium/selenium-support/3.141.59/selenium-support-3.141.59.jar:/Users/arunakirannulu/.m2/repository/net/bytebuddy/byte-buddy/1.8.15/byte-buddy-1.8.15.jar:/Users/arunakirannulu/.m2/repository/org/apache/commons/commons-exec/1.3/commons-exec-1.3.jar:/Users/arunakirannulu/.m2/repository/com/google/guava/guava/25.0-jre/guava-25.0-jre.jar:/Users/arunakirannulu/.m2/repository/com/google/code/findbugs/jsr305/1.3.9/jsr305-1.3.9.jar:/Users/arunakirannulu/.m2/repository/org/checkerframework/checker-compat-qual/2.0.0/checker-compat-qual-2.0.0.jar:/Users/arunakirannulu/.m2/repository/com/google/errorprone/error_prone_annotations/2.1.3/error_prone_annotations-2.1.3.jar:/Users/arunakirannulu/.m2/repository/com/google/j2objc/j2objc-annotations/1.1/j2objc-annotations-1.1.jar:/Users/arunakirannulu/.m2/repository/org/codehaus/mojo/animal-sniffer-annotations/1.14/animal-sniffer-annotations-1.14.jar:/Users/arunakirannulu/.m2/repository/com/squareup/okhttp3/okhttp/3.11.0/okhttp-3.11.0.jar:/Users/arunakirannulu/.m2/repository/com/squareup/okio/okio/1.14.0/okio-1.14.0.jar:/Users/arunakirannulu/.m2/repository/org/apache/poi/poi/5.0.0/poi-5.0.0.jar:/Users/arunakirannulu/.m2/repository/org/slf4j/slf4j-api/1.7.30/slf4j-api-1.7.30.jar:/Users/arunakirannulu/.m2/repository/org/slf4j/jcl-over-slf4j/1.7.30/jcl-over-slf4j-1.7.30.jar:/Users/arunakirannulu/.m2/repository/commons-codec/commons-codec/1.15/commons-codec-1.15.jar:/Users/arunakirannulu/.m2/repository/org/apache/commons/commons-collections4/4.4/commons-collections4-4.4.jar:/Users/arunakirannulu/.m2/repository/org/apache/commons/commons-math3/3.6.1/commons-math3-3.6.1.jar:/Users/arunakirannulu/.m2/repository/com/zaxxer/SparseBitSet/1.2/SparseBitSet-1.2.jar:/Users/arunakirannulu/.m2/repository/org/testng/testng/7.4.0/testng-7.4.0.jar:/Users/arunakirannulu/.m2/repository/com/beust/jcommander/1.78/jcommander-1.78.jar:/Users/arunakirannulu/.m2/repository/org/webjars/jquery/3.5.1/jquery-3.5.1.jar:/Users/arunakirannulu/.m2/repository/commons-io/commons-io/2.10.0/commons-io-2.10.0.jar:"/>
    <property name="java.vm.vendor" value="Oracle Corporation"/>
    <property name="sun.arch.data.model" value="64"/>
    <property name="java.vendor.url" value="https://java.oracle.com/"/>
    <property name="os.name" value="Mac OS X"/>
    <property name="java.vm.specification.version" value="15"/>
    <property name="sun.java.launcher" value="SUN_STANDARD"/>
    <property name="user.country" value="US"/>
    <property name="sun.boot.library.path" value="/Applications/Eclipse.app/Contents/Eclipse/plugins/org.eclipse.justj.openjdk.hotspot.jre.full.macosx.x86_64_15.0.2.v20210201-0955/jre/lib"/>
    <property name="sun.java.command" value="/Users/arunakirannulu/eclipse-workspace/MySeliniumSessionsClasses/target/surefire/surefirebooter16922506676997061799.jar /Users/arunakirannulu/eclipse-workspace/MySeliniumSessionsClasses/target/surefire 2021-07-09T19-08-45_665-jvmRun1 surefire196663043353741076tmp surefire_012665816474423201299tmp"/>
    <property name="http.nonProxyHosts" value="local|*.local|169.254/16|*.169.254/16"/>
    <property name="jdk.debug" value="release"/>
    <property name="surefire.test.class.path" value="/Users/arunakirannulu/eclipse-workspace/MySeliniumSessionsClasses/target/test-classes:/Users/arunakirannulu/eclipse-workspace/MySeliniumSessionsClasses/target/classes:/Users/arunakirannulu/.m2/repository/org/seleniumhq/selenium/selenium-java/3.141.59/selenium-java-3.141.59.jar:/Users/arunakirannulu/.m2/repository/org/seleniumhq/selenium/selenium-api/3.141.59/selenium-api-3.141.59.jar:/Users/arunakirannulu/.m2/repository/org/seleniumhq/selenium/selenium-chrome-driver/3.141.59/selenium-chrome-driver-3.141.59.jar:/Users/arunakirannulu/.m2/repository/org/seleniumhq/selenium/selenium-edge-driver/3.141.59/selenium-edge-driver-3.141.59.jar:/Users/arunakirannulu/.m2/repository/org/seleniumhq/selenium/selenium-firefox-driver/3.141.59/selenium-firefox-driver-3.141.59.jar:/Users/arunakirannulu/.m2/repository/org/seleniumhq/selenium/selenium-ie-driver/3.141.59/selenium-ie-driver-3.141.59.jar:/Users/arunakirannulu/.m2/repository/org/seleniumhq/selenium/selenium-opera-driver/3.141.59/selenium-opera-driver-3.141.59.jar:/Users/arunakirannulu/.m2/repository/org/seleniumhq/selenium/selenium-remote-driver/3.141.59/selenium-remote-driver-3.141.59.jar:/Users/arunakirannulu/.m2/repository/org/seleniumhq/selenium/selenium-safari-driver/3.141.59/selenium-safari-driver-3.141.59.jar:/Users/arunakirannulu/.m2/repository/org/seleniumhq/selenium/selenium-support/3.141.59/selenium-support-3.141.59.jar:/Users/arunakirannulu/.m2/repository/net/bytebuddy/byte-buddy/1.8.15/byte-buddy-1.8.15.jar:/Users/arunakirannulu/.m2/repository/org/apache/commons/commons-exec/1.3/commons-exec-1.3.jar:/Users/arunakirannulu/.m2/repository/com/google/guava/guava/25.0-jre/guava-25.0-jre.jar:/Users/arunakirannulu/.m2/repository/com/google/code/findbugs/jsr305/1.3.9/jsr305-1.3.9.jar:/Users/arunakirannulu/.m2/repository/org/checkerframework/checker-compat-qual/2.0.0/checker-compat-qual-2.0.0.jar:/Users/arunakirannulu/.m2/repository/com/google/errorprone/error_prone_annotations/2.1.3/error_prone_annotations-2.1.3.jar:/Users/arunakirannulu/.m2/repository/com/google/j2objc/j2objc-annotations/1.1/j2objc-annotations-1.1.jar:/Users/arunakirannulu/.m2/repository/org/codehaus/mojo/animal-sniffer-annotations/1.14/animal-sniffer-annotations-1.14.jar:/Users/arunakirannulu/.m2/repository/com/squareup/okhttp3/okhttp/3.11.0/okhttp-3.11.0.jar:/Users/arunakirannulu/.m2/repository/com/squareup/okio/okio/1.14.0/okio-1.14.0.jar:/Users/arunakirannulu/.m2/repository/org/apache/poi/poi/5.0.0/poi-5.0.0.jar:/Users/arunakirannulu/.m2/repository/org/slf4j/slf4j-api/1.7.30/slf4j-api-1.7.30.jar:/Users/arunakirannulu/.m2/repository/org/slf4j/jcl-over-slf4j/1.7.30/jcl-over-slf4j-1.7.30.jar:/Users/arunakirannulu/.m2/repository/commons-codec/commons-codec/1.15/commons-codec-1.15.jar:/Users/arunakirannulu/.m2/repository/org/apache/commons/commons-collections4/4.4/commons-collections4-4.4.jar:/Users/arunakirannulu/.m2/repository/org/apache/commons/commons-math3/3.6.1/commons-math3-3.6.1.jar:/Users/arunakirannulu/.m2/repository/com/zaxxer/SparseBitSet/1.2/SparseBitSet-1.2.jar:/Users/arunakirannulu/.m2/repository/org/testng/testng/7.4.0/testng-7.4.0.jar:/Users/arunakirannulu/.m2/repository/com/beust/jcommander/1.78/jcommander-1.78.jar:/Users/arunakirannulu/.m2/repository/org/webjars/jquery/3.5.1/jquery-3.5.1.jar:/Users/arunakirannulu/.m2/repository/commons-io/commons-io/2.10.0/commons-io-2.10.0.jar:"/>
    <property name="sun.cpu.endian" value="little"/>
    <property name="user.home" value="/Users/arunakirannulu"/>
    <property name="user.language" value="en"/>
    <property name="java.specification.vendor" value="Oracle Corporation"/>
    <property name="java.version.date" value="2021-01-19"/>
    <property name="java.home" value="/Applications/Eclipse.app/Contents/Eclipse/plugins/org.eclipse.justj.openjdk.hotspot.jre.full.macosx.x86_64_15.0.2.v20210201-0955/jre"/>
    <property name="file.separator" value="/"/>
    <property name="basedir" value="/Users/arunakirannulu/eclipse-workspace/MySeliniumSessionsClasses"/>
    <property name="java.vm.compressedOopsMode" value="Zero based"/>
    <property name="line.separator" value="&#10;"/>
    <property name="java.specification.name" value="Java Platform API Specification"/>
    <property name="java.vm.specification.vendor" value="Oracle Corporation"/>
    <property name="surefire.real.class.path" value="/Users/arunakirannulu/eclipse-workspace/MySeliniumSessionsClasses/target/surefire/surefirebooter16922506676997061799.jar"/>
    <property name="sun.management.compiler" value="HotSpot 64-Bit Tiered Compilers"/>
    <property name="ftp.nonProxyHosts" value="local|*.local|169.254/16|*.169.254/16"/>
    <property name="java.runtime.version" value="15.0.2+7-27"/>
    <property name="user.name" value="arunakirannulu"/>
    <property name="path.separator" value=":"/>
    <property name="os.version" value="10.15.7"/>
    <property name="java.runtime.name" value="OpenJDK Runtime Environment"/>
    <property name="file.encoding" value="UTF-8"/>
    <property name="java.vm.name" value="OpenJDK 64-Bit Server VM"/>
    <property name="localRepository" value="/Users/arunakirannulu/.m2/repository"/>
    <property name="java.vendor.url.bug" value="https://bugreport.java.com/bugreport/"/>
    <property name="java.io.tmpdir" value="/var/folders/rg/mc71g2290818xr9g5q13d8hr0000gn/T/"/>
    <property name="java.version" value="15.0.2"/>
    <property name="user.dir" value="/Users/arunakirannulu/eclipse-workspace/MySeliniumSessionsClasses"/>
    <property name="os.arch" value="x86_64"/>
    <property name="java.vm.specification.name" value="Java Virtual Machine Specification"/>
    <property name="java.library.path" value="/Users/arunakirannulu/Library/Java/Extensions:/Library/Java/Extensions:/Network/Library/Java/Extensions:/System/Library/Java/Extensions:/usr/lib/java:."/>
    <property name="java.vm.info" value="mixed mode"/>
    <property name="java.vendor" value="Oracle Corporation"/>
    <property name="java.vm.version" value="15.0.2+7-27"/>
    <property name="sun.io.unicode.encoding" value="UnicodeBig"/>
    <property name="socksNonProxyHosts" value="local|*.local|169.254/16|*.169.254/16"/>
    <property name="java.class.version" value="59.0"/>
  </properties>
  <testcase name="TestToPass" classname="testNGDemos.ListenerTestNGTestCase" time="0.004"/>
  <testcase name="TestToSkip" classname="testNGDemos.ListenerTestNGTestCase" time="0">
    <skipped message="Skipping - This is not ready for testing "/>
    <system-out><![CDATA[This method to skip test
The name of the testcase Skipped is :TestToSkip
]]></system-out>
  </testcase>
  <testcase name="TestToFail" classname="testNGDemos.ListenerTestNGTestCase" time="0.005">
    <failure type="java.lang.AssertionError:">java.lang.AssertionError: 
	at testNGDemos.ListenerTestNGTestCase.TestToFail(ListenerTestNGTestCase.java:40)
</failure>
    <system-out><![CDATA[This method to test fail
The name of the testcase failed is :TestToFail
]]></system-out>
  </testcase>
</testsuite>