<?xml version="1.0" encoding="UTF-8"?>
<!-- Generated by org.testng.reporters.JUnitReportReporter -->
<testsuite hostname="Arunas-MacBook-Pro.local" failures="0" tests="1" name="testNGDemos.TestCaseGroup1" time="0.006" errors="0" timestamp="2021-07-07T19:21:49 MST" skipped="0">
  <testcase classname="testNGDemos.TestCaseGroup1" name="loginTest1" time="0.006"/>
  <system-out/>
</testsuite> <!-- testNGDemos.TestCaseGroup1 -->
