<?xml version="1.0" encoding="UTF-8"?>
<!-- Generated by org.testng.reporters.JUnitReportReporter -->
<testsuite hostname="Arunas-MacBook-Pro.local" failures="0" tests="1" name="Selenium.RadioButtonInteration" time="3.142" errors="0" timestamp="2021-06-21T20:05:20 MST" skipped="0">
  <testcase classname="Selenium.RadioButtonInteration" name="RadioBtn" time="3.142"/>
  <system-out/>
</testsuite> <!-- Selenium.RadioButtonInteration -->
