<?xml version="1.0" encoding="UTF-8"?>
<!-- Generated by org.testng.reporters.JUnitReportReporter -->
<testsuite hostname="Arunas-MacBook-Pro.local" failures="0" tests="1" name="Selenium.CSSSelector" time="2.752" errors="0" timestamp="2021-06-29T17:21:54 MST" skipped="0">
  <testcase classname="Selenium.CSSSelector" name="CSS_Selector" time="2.752"/>
  <system-out/>
</testsuite> <!-- Selenium.CSSSelector -->
