<?xml version="1.0" encoding="UTF-8"?>
<!-- Generated by org.testng.reporters.JUnitReportReporter -->
<testsuite hostname="Arunas-MacBook-Pro.local" failures="0" tests="1" name="Selenium.ScreenShot" time="2.895" errors="0" timestamp="2021-07-01T18:40:04 MST" skipped="0">
  <testcase classname="Selenium.ScreenShot" name="Screen_shot" time="2.895"/>
  <system-out/>
</testsuite> <!-- Selenium.ScreenShot -->
