<?xml version="1.0" encoding="UTF-8"?>
<!-- Generated by org.testng.reporters.JUnitReportReporter -->
<testsuite hostname="Arunas-MacBook-Pro.local" failures="0" tests="1" name="TestNGDemos.DemoTestNG" time="29.710" errors="0" timestamp="2021-07-07T16:56:17 MST" skipped="0">
  <testcase classname="TestNGDemos.DemoTestNG" name="gmailLogin" time="29.710"/>
  <system-out/>
</testsuite> <!-- TestNGDemos.DemoTestNG -->
