<?xml version="1.0" encoding="UTF-8"?>
<!-- Generated by org.testng.reporters.JUnitReportReporter -->
<testsuite hostname="Arunas-MacBook-Pro.local" failures="0" tests="1" name="Selenium.SwitchToFrame" time="3.911" errors="0" timestamp="2021-07-02T12:24:49 MST" skipped="0">
  <testcase classname="Selenium.SwitchToFrame" name="SwitchTo_Frame" time="3.911"/>
  <system-out/>
</testsuite> <!-- Selenium.SwitchToFrame -->
