<?xml version="1.0" encoding="UTF-8"?>
<!-- Generated by org.testng.reporters.JUnitReportReporter -->
<testsuite hostname="Arunas-MacBook-Pro.local" failures="0" tests="1" name="Selenium.GetAllLinks" time="3.186" errors="0" timestamp="2021-06-29T17:43:58 MST" skipped="0">
  <testcase classname="Selenium.GetAllLinks" name="Get_AllLinks" time="3.186"/>
  <system-out/>
</testsuite> <!-- Selenium.GetAllLinks -->
