<?xml version="1.0" encoding="UTF-8"?>
<!-- Generated by org.testng.reporters.JUnitReportReporter -->
<testsuite hostname="Arunas-MacBook-Pro.local" failures="0" tests="5" name="testNGDemos.ParamTestWithDataProvider1" time="0.011" errors="0" timestamp="2021-07-07T19:22:38 MST" skipped="0">
  <testcase classname="testNGDemos.ParamTestWithDataProvider1" name="testPrimeNumberChecker" time="0.001"/>
  <system-out/>
  <testcase classname="testNGDemos.ParamTestWithDataProvider1" name="testPrimeNumberChecker" time="0.006"/>
  <system-out/>
  <testcase classname="testNGDemos.ParamTestWithDataProvider1" name="testPrimeNumberChecker" time="0.001"/>
  <system-out/>
  <testcase classname="testNGDemos.ParamTestWithDataProvider1" name="testPrimeNumberChecker" time="0.001"/>
  <system-out/>
  <testcase classname="testNGDemos.ParamTestWithDataProvider1" name="testPrimeNumberChecker" time="0.002"/>
  <system-out/>
</testsuite> <!-- testNGDemos.ParamTestWithDataProvider1 -->
