<?xml version="1.0" encoding="UTF-8"?>
<!-- Generated by org.testng.reporters.JUnitReportReporter -->
<testsuite hostname="Arunas-MacBook-Pro.local" failures="0" tests="4" name="testNGDemos.MultipleTestPriority" time="0.007" errors="0" timestamp="2021-07-07T17:16:43 MST" skipped="0">
  <testcase classname="testNGDemos.MultipleTestPriority" name="b_test" time="0.002"/>
  <system-out/>
  <testcase classname="testNGDemos.MultipleTestPriority" name="a_test" time="0.002"/>
  <system-out/>
  <testcase classname="testNGDemos.MultipleTestPriority" name="c_test" time="0.002"/>
  <system-out/>
  <testcase classname="testNGDemos.MultipleTestPriority" name="d_test" time="0.001"/>
  <system-out/>
</testsuite> <!-- testNGDemos.MultipleTestPriority -->
