<?xml version="1.0" encoding="UTF-8"?>
<!-- Generated by org.testng.reporters.JUnitReportReporter -->
<testsuite hostname="Arunas-MacBook-Pro.local" failures="0" tests="1" name="testNGDemos.TestCaseGroup2" time="0.001" errors="0" timestamp="2021-07-07T19:21:49 MST" skipped="0">
  <testcase classname="testNGDemos.TestCaseGroup2" name="sentMail" time="0.001"/>
  <system-out/>
</testsuite> <!-- testNGDemos.TestCaseGroup2 -->
