<?xml version="1.0" encoding="UTF-8"?>
<!-- Generated by org.testng.reporters.JUnitReportReporter -->
<testsuite hostname="Arunas-MacBook-Pro.local" failures="0" tests="1" name="Selenium.switchPOPUp" time="2.655" errors="0" timestamp="2021-06-21T20:26:08 MST" skipped="0">
  <testcase classname="Selenium.switchPOPUp" name="Switch_PopUp" time="2.655"/>
  <system-out/>
</testsuite> <!-- Selenium.switchPOPUp -->
