<?xml version="1.0" encoding="UTF-8"?>
<!-- Generated by org.testng.reporters.JUnitReportReporter -->
<testsuite hostname="Arunas-MacBook-Pro.local" failures="0" tests="2" name="testNGDemos.DataProviderDemo" time="0.005" errors="0" timestamp="2021-07-08T13:24:25 MST" skipped="0">
  <testcase classname="testNGDemos.DataProviderDemo" name="loginTest" time="0.004"/>
  <system-out/>
  <testcase classname="testNGDemos.DataProviderDemo" name="loginTest" time="0.001"/>
  <system-out/>
</testsuite> <!-- testNGDemos.DataProviderDemo -->
