<?xml version="1.0" encoding="UTF-8"?>
<!-- Generated by org.testng.reporters.JUnitReportReporter -->
<testsuite hostname="Arunas-MacBook-Pro.local" failures="0" tests="1" name="Selenium.LaunchChrome" time="8.440" errors="0" timestamp="2021-06-16T19:07:52 MST" skipped="0">
  <testcase classname="Selenium.LaunchChrome" name="test" time="8.440"/>
  <system-out/>
</testsuite> <!-- Selenium.LaunchChrome -->
