<?xml version="1.0" encoding="UTF-8"?>
<!-- Generated by org.testng.reporters.JUnitReportReporter -->
<testsuite hostname="Arunas-MacBook-Pro.local" failures="0" tests="4" name="testNGDemos.MultipleTestAlphabetically" time="0.005" errors="0" timestamp="2021-07-07T17:29:02 MST" skipped="2">
  <testcase classname="testNGDemos.MultipleTestAlphabetically" name="b_test" time="0.005"/>
  <system-out/>
  <testcase classname="testNGDemos.MultipleTestAlphabetically" name="d_test" time="0.000">
    <skipped/>
  </testcase> <!-- d_test -->
  <system-out/>
  <testcase classname="testNGDemos.MultipleTestAlphabetically" name="a_test" time="0.000"/>
  <system-out/>
  <testcase classname="testNGDemos.MultipleTestAlphabetically" name="c_test">
    <skipped/>
  </testcase> <!-- c_test -->
  <system-out/>
</testsuite> <!-- testNGDemos.MultipleTestAlphabetically -->
