<?xml version="1.0" encoding="UTF-8"?>
<!-- Generated by org.testng.reporters.JUnitReportReporter -->
<testsuite hostname="Arunas-MacBook-Pro.local" failures="0" tests="1" name="Selenium.DropDownInteraction" time="2.537" errors="0" timestamp="2021-06-21T18:37:51 MST" skipped="0">
  <testcase classname="Selenium.DropDownInteraction" name="DropDown_Interaction" time="2.537"/>
  <system-out/>
</testsuite> <!-- Selenium.DropDownInteraction -->
