<?xml version="1.0" encoding="UTF-8"?>
<!-- Generated by org.testng.reporters.JUnitReportReporter -->
<testsuite hostname="Arunas-MacBook-Pro.local" failures="0" tests="1" name="Selenium.MouseKeyboardEvents" time="3.854" errors="0" timestamp="2021-06-29T23:44:47 MST" skipped="0">
  <testcase classname="Selenium.MouseKeyboardEvents" name="Mouse_Keyboards_Events" time="3.854"/>
  <system-out/>
</testsuite> <!-- Selenium.MouseKeyboardEvents -->
