<?xml version="1.0" encoding="UTF-8"?>
<!-- Generated by org.testng.reporters.JUnitReportReporter -->
<testsuite hostname="Arunas-MacBook-Pro.local" failures="0" tests="3" name="testNGDemos.ParallelTesting" time="14.605" errors="0" timestamp="2021-07-08T16:54:15 MST" skipped="0">
  <testcase classname="testNGDemos.ParallelTesting" name="openGamil" time="3.255"/>
  <system-out/>
  <testcase classname="testNGDemos.ParallelTesting" name="openzAmazon2" time="5.502"/>
  <system-out/>
  <testcase classname="testNGDemos.ParallelTesting" name="openAmazon" time="5.848"/>
  <system-out/>
</testsuite> <!-- testNGDemos.ParallelTesting -->
